<?xml version="1.0" encoding="UTF-8"?>
<!-- Generated by org.testng.reporters.JUnitReportReporter -->
<testsuite hostname="LAPTOP-C79DELEP" failures="0" tests="1" name="com.RepIn.accounts.CreateAccountTest" time="24.937" errors="0" timestamp="2021-09-14T11:35:36 IST" skipped="0">
  <testcase classname="com.RepIn.accounts.CreateAccountTest" name="verify" time="24.937"/>
  <system-out/>
</testsuite> <!-- com.RepIn.accounts.CreateAccountTest -->
