<?xml version="1.0" encoding="UTF-8"?>
<!-- Generated by org.testng.reporters.JUnitReportReporter -->
<testsuite hostname="LAPTOP-C79DELEP" failures="0" tests="1" name="com.RepIn.leads.CreateLeadsTest" time="47.861" errors="0" timestamp="2021-09-13T12:24:50 IST" skipped="0">
  <testcase classname="com.RepIn.leads.CreateLeadsTest" name="verify" time="47.861"/>
  <system-out/>
</testsuite> <!-- com.RepIn.leads.CreateLeadsTest -->
