<?xml version="1.0" encoding="UTF-8"?>
<!-- Generated by org.testng.reporters.JUnitReportReporter -->
<testsuite hostname="LAPTOP-C79DELEP" failures="0" tests="1" name="com.RepIn.accounts.DeleteAccountTest" time="132.405" errors="0" timestamp="2021-09-13T12:24:50 IST" skipped="0">
  <testcase classname="com.RepIn.accounts.DeleteAccountTest" name="verify" time="132.405"/>
  <system-out/>
</testsuite> <!-- com.RepIn.accounts.DeleteAccountTest -->
